//LINEAR FIT (f<f0)//


*******************************************************************************
Sun Oct  2 19:32:46 2022


FIT:    data read from 'Avvf.txt' every ::20::41
        format = z
        x range restricted to [4.50000 : 10.0000]
        #datapoints = 21
        residuals are weighted equally (unit weight)

function used for fitting: f2(x)
	f2(x)=a2*x+b2
fitted parameters initialized with current variable values

   5 6.6066406926e-01  -5.46e-06  4.16e-05    5.153247e+00  -4.780376e+01

After 5 iterations the fit converged.
final sum of squares of residuals : 0.660664
rel. change during last iteration : -5.45756e-11

degrees of freedom    (FIT_NDF)                        : 19
rms of residuals      (FIT_STDFIT) = sqrt(WSSR/ndf)    : 0.186472
variance of residuals (reduced chisquare) = WSSR/ndf   : 0.0347718

Final set of parameters            Asymptotic Standard Error
=======================            ==========================
a2              = 5.15325          +/- 0.0672       (1.304%)
b2              = -47.8038         +/- 0.3899       (0.8156%)

correlation matrix of the fit parameters:
                a2     b2     
a2              1.000 
b2             -0.995  1.000 
